{
  "stats": {
    "suites": 1,
    "tests": 2,
    "passes": 0,
    "pending": 0,
    "failures": 2,
    "start": "2021-08-07T17:51:14.235Z",
    "end": "2021-08-07T17:51:14.255Z",
    "duration": 20,
    "testsRegistered": 2,
    "passPercent": 0,
    "pendingPercent": 0,
    "other": 0,
    "hasOther": false,
    "skipped": 0,
    "hasSkipped": false
  },
  "results": [
    {
      "uuid": "504f85f3-9982-49fc-b7f1-a48887608f38",
      "title": "",
      "fullFile": "",
      "file": "",
      "beforeHooks": [],
      "afterHooks": [],
      "tests": [],
      "suites": [
        {
          "uuid": "22e1bf10-9874-4948-a9fe-4cb297e7b1c1",
          "title": "Login form",
          "fullFile": "E:\\my\\QA Testing\\pecode\\testTask\\webdriverio-test\\test\\specs\\loginTest.spec.js",
          "file": "\\test\\specs\\loginTest.spec.js",
          "beforeHooks": [],
          "afterHooks": [],
          "tests": [
            {
              "title": "should detect if elements are existing",
              "fullTitle": "Login form should detect if elements are existing",
              "timedOut": false,
              "duration": 3,
              "state": "failed",
              "speed": null,
              "pass": false,
              "fail": true,
              "pending": false,
              "context": null,
              "code": "await LoginPage.open();\nassert(await LoginPage.inputUsername.isExisting());\nassert(await LoginPage.inputPassword.isExisting());\nassert(await LoginPage.btnSubmit.isExisting());",
              "err": {
                "message": "ReferenceError: browser is not defined",
                "estack": "ReferenceError: browser is not defined\n    at LoginPage.open (test\\pageobjects\\page.js:11:9)\n    at LoginPage.open (test\\pageobjects\\login.page.js:29:22)\n    at Context.<anonymous> (test\\specs\\loginTest.spec.js:7:25)\n    at processImmediate (node:internal/timers:464:21)",
                "diff": null
              },
              "uuid": "2e12f0ec-6057-4acb-9f8c-afd8254512a8",
              "parentUUID": "22e1bf10-9874-4948-a9fe-4cb297e7b1c1",
              "isHook": false,
              "skipped": false
            },
            {
              "title": "should login with invalid credentials",
              "fullTitle": "Login form should login with invalid credentials",
              "timedOut": false,
              "duration": 1,
              "state": "failed",
              "speed": null,
              "pass": false,
              "fail": true,
              "pending": false,
              "context": null,
              "code": "await LoginPage.login(data.logins[0], data.passwords[0]);\n        const message = await LoginPage.errorMsg.getText();\n        assert(message == 'No account found with that username.');",
              "err": {
                "message": "ReferenceError: $ is not defined",
                "estack": "ReferenceError: $ is not defined\n    at LoginPage.get inputUsername [as inputUsername] (test\\pageobjects\\login.page.js:10:28)\n    at LoginPage.login (test\\pageobjects\\login.page.js:20:20)\n    at Context.<anonymous> (test\\specs\\loginTest.spec.js:17:25)\n    at processImmediate (node:internal/timers:464:21)",
                "diff": null
              },
              "uuid": "5e27282b-0661-423b-8c29-a1f22e2ccb43",
              "parentUUID": "22e1bf10-9874-4948-a9fe-4cb297e7b1c1",
              "isHook": false,
              "skipped": false
            }
          ],
          "suites": [],
          "passes": [],
          "failures": [
            "2e12f0ec-6057-4acb-9f8c-afd8254512a8",
            "5e27282b-0661-423b-8c29-a1f22e2ccb43"
          ],
          "pending": [],
          "skipped": [],
          "duration": 4,
          "root": false,
          "rootEmpty": false,
          "_timeout": 2000
        }
      ],
      "passes": [],
      "failures": [],
      "pending": [],
      "skipped": [],
      "duration": 0,
      "root": true,
      "rootEmpty": true,
      "_timeout": 2000
    }
  ],
  "meta": {
    "mocha": {
      "version": "9.0.3"
    },
    "mochawesome": {
      "options": {
        "quiet": false,
        "reportFilename": "mochawesome",
        "saveHtml": true,
        "saveJson": true,
        "consoleReporter": "spec",
        "useInlineDiffs": false,
        "code": true
      },
      "version": "6.2.2"
    },
    "marge": {
      "options": null,
      "version": "5.2.0"
    }
  }
}